2024-01-20 15:27:30.444 [main] ERROR tn.ensit.miniprojetbibliotheque.database.DatabaseHandler - {}
java.lang.IllegalArgumentException: InputStream cannot be null
	at javax.xml.parsers.DocumentBuilder.parse(DocumentBuilder.java:118) ~[?:?]
	at tn.ensit.miniprojetbibliotheque.database.DatabaseHandler.inflateDB(DatabaseHandler.java:65) [classes/:?]
	at tn.ensit.miniprojetbibliotheque.database.DatabaseHandler.<clinit>(DatabaseHandler.java:45) [classes/:?]
2024-01-20 15:30:55.508 [main] ERROR tn.ensit.miniprojetbibliotheque.database.DatabaseHandler - {}
java.lang.IllegalArgumentException: InputStream cannot be null
	at javax.xml.parsers.DocumentBuilder.parse(DocumentBuilder.java:118) ~[?:?]
	at tn.ensit.miniprojetbibliotheque.database.DatabaseHandler.inflateDB(DatabaseHandler.java:65) [classes/:?]
	at tn.ensit.miniprojetbibliotheque.database.DatabaseHandler.<clinit>(DatabaseHandler.java:45) [classes/:?]
2024-01-20 15:32:49.229 [main] ERROR tn.ensit.miniprojetbibliotheque.database.DatabaseHandler - {}
java.lang.IllegalArgumentException: InputStream cannot be null
	at javax.xml.parsers.DocumentBuilder.parse(DocumentBuilder.java:118) ~[?:?]
	at tn.ensit.miniprojetbibliotheque.database.DatabaseHandler.inflateDB(DatabaseHandler.java:65) [classes/:?]
	at tn.ensit.miniprojetbibliotheque.database.DatabaseHandler.<clinit>(DatabaseHandler.java:45) [classes/:?]
2024-01-20 20:12:05.834 [JavaFX Application Thread] ERROR tn.ensit.miniprojetbibliotheque.database.DatabaseHandler - {}
java.sql.SQLIntegrityConstraintViolationException: Cannot delete or update a parent row: a foreign key constraint fails (`library_management`.`detailemprunt`, CONSTRAINT `detailemprunt_ibfk_1` FOREIGN KEY (`livre_code`) REFERENCES `livre` (`code`))
	at com.mysql.cj.jdbc.exceptions.SQLError.createSQLException(SQLError.java:118) ~[mysql-connector-j-8.2.0.jar:8.2.0]
	at com.mysql.cj.jdbc.exceptions.SQLExceptionsMapping.translateException(SQLExceptionsMapping.java:122) ~[mysql-connector-j-8.2.0.jar:8.2.0]
	at com.mysql.cj.jdbc.ClientPreparedStatement.executeInternal(ClientPreparedStatement.java:912) ~[mysql-connector-j-8.2.0.jar:8.2.0]
	at com.mysql.cj.jdbc.ClientPreparedStatement.executeUpdateInternal(ClientPreparedStatement.java:1054) ~[mysql-connector-j-8.2.0.jar:8.2.0]
	at com.mysql.cj.jdbc.ClientPreparedStatement.executeUpdateInternal(ClientPreparedStatement.java:1003) ~[mysql-connector-j-8.2.0.jar:8.2.0]
	at com.mysql.cj.jdbc.ClientPreparedStatement.executeLargeUpdate(ClientPreparedStatement.java:1312) ~[mysql-connector-j-8.2.0.jar:8.2.0]
	at com.mysql.cj.jdbc.ClientPreparedStatement.executeUpdate(ClientPreparedStatement.java:988) ~[mysql-connector-j-8.2.0.jar:8.2.0]
	at tn.ensit.miniprojetbibliotheque.database.DatabaseHandler.deleteBook(DatabaseHandler.java:151) [classes/:?]
	at tn.ensit.miniprojetbibliotheque.ListeLivresController.handleBookDeleteOption(ListeLivresController.java:128) [classes/:?]
	at jdk.internal.reflect.DirectMethodHandleAccessor.invoke(DirectMethodHandleAccessor.java:103) ~[?:?]
	at java.lang.reflect.Method.invoke(Method.java:580) ~[?:?]
	at com.sun.javafx.reflect.Trampoline.invoke(MethodUtil.java:72) [?:?]
	at jdk.internal.reflect.DirectMethodHandleAccessor.invoke(DirectMethodHandleAccessor.java:103) ~[?:?]
	at java.lang.reflect.Method.invoke(Method.java:580) ~[?:?]
	at com.sun.javafx.reflect.MethodUtil.invoke(MethodUtil.java:270) [javafx-base-21-win.jar:?]
	at com.sun.javafx.fxml.MethodHelper.invoke(MethodHelper.java:84) [javafx-fxml-21-win.jar:?]
	at javafx.fxml.FXMLLoader$MethodHandler.invoke(FXMLLoader.java:1853) [javafx-fxml-21-win.jar:?]
	at javafx.fxml.FXMLLoader$ControllerMethodEventHandler.handle(FXMLLoader.java:1726) [javafx-fxml-21-win.jar:?]
	at com.sun.javafx.event.CompositeEventHandler.dispatchBubblingEvent(CompositeEventHandler.java:86) [javafx-base-21-win.jar:?]
	at com.sun.javafx.event.EventHandlerManager.dispatchBubblingEvent(EventHandlerManager.java:232) [javafx-base-21-win.jar:?]
	at com.sun.javafx.event.EventHandlerManager.dispatchBubblingEvent(EventHandlerManager.java:189) [javafx-base-21-win.jar:?]
	at com.sun.javafx.event.BasicEventDispatcher.dispatchEvent(BasicEventDispatcher.java:58) [javafx-base-21-win.jar:?]
	at com.sun.javafx.event.EventDispatchChainImpl.dispatchEvent(EventDispatchChainImpl.java:114) [javafx-base-21-win.jar:?]
	at com.sun.javafx.event.EventUtil.fireEventImpl(EventUtil.java:74) [javafx-base-21-win.jar:?]
	at com.sun.javafx.event.EventUtil.fireEvent(EventUtil.java:49) [javafx-base-21-win.jar:?]
	at javafx.event.Event.fireEvent(Event.java:198) [javafx-base-21-win.jar:?]
	at javafx.scene.control.MenuItem.fire(MenuItem.java:459) [javafx-controls-21-win.jar:?]
	at com.sun.javafx.scene.control.ContextMenuContent$MenuItemContainer.doSelect(ContextMenuContent.java:1415) [javafx-controls-21-win.jar:?]
	at com.sun.javafx.scene.control.ContextMenuContent$MenuItemContainer.lambda$createChildren$12(ContextMenuContent.java:1368) [javafx-controls-21-win.jar:?]
	at com.sun.javafx.event.CompositeEventHandler$NormalEventHandlerRecord.handleBubblingEvent(CompositeEventHandler.java:247) [javafx-base-21-win.jar:?]
	at com.sun.javafx.event.CompositeEventHandler.dispatchBubblingEvent(CompositeEventHandler.java:80) [javafx-base-21-win.jar:?]
	at com.sun.javafx.event.EventHandlerManager.dispatchBubblingEvent(EventHandlerManager.java:232) [javafx-base-21-win.jar:?]
	at com.sun.javafx.event.EventHandlerManager.dispatchBubblingEvent(EventHandlerManager.java:189) [javafx-base-21-win.jar:?]
	at com.sun.javafx.event.CompositeEventDispatcher.dispatchBubblingEvent(CompositeEventDispatcher.java:59) [javafx-base-21-win.jar:?]
	at com.sun.javafx.event.BasicEventDispatcher.dispatchEvent(BasicEventDispatcher.java:58) [javafx-base-21-win.jar:?]
	at com.sun.javafx.event.EventDispatchChainImpl.dispatchEvent(EventDispatchChainImpl.java:114) [javafx-base-21-win.jar:?]
	at com.sun.javafx.event.BasicEventDispatcher.dispatchEvent(BasicEventDispatcher.java:56) [javafx-base-21-win.jar:?]
	at com.sun.javafx.event.EventDispatchChainImpl.dispatchEvent(EventDispatchChainImpl.java:114) [javafx-base-21-win.jar:?]
	at com.sun.javafx.event.BasicEventDispatcher.dispatchEvent(BasicEventDispatcher.java:56) [javafx-base-21-win.jar:?]
	at com.sun.javafx.event.EventDispatchChainImpl.dispatchEvent(EventDispatchChainImpl.java:114) [javafx-base-21-win.jar:?]
	at com.sun.javafx.event.BasicEventDispatcher.dispatchEvent(BasicEventDispatcher.java:56) [javafx-base-21-win.jar:?]
	at com.sun.javafx.event.EventDispatchChainImpl.dispatchEvent(EventDispatchChainImpl.java:114) [javafx-base-21-win.jar:?]
	at com.sun.javafx.event.EventUtil.fireEventImpl(EventUtil.java:74) [javafx-base-21-win.jar:?]
	at com.sun.javafx.event.EventUtil.fireEvent(EventUtil.java:54) [javafx-base-21-win.jar:?]
	at javafx.event.Event.fireEvent(Event.java:198) [javafx-base-21-win.jar:?]
	at javafx.scene.Scene$MouseHandler.process(Scene.java:3984) [javafx-graphics-21-win.jar:?]
	at javafx.scene.Scene.processMouseEvent(Scene.java:1890) [javafx-graphics-21-win.jar:?]
	at javafx.scene.Scene$ScenePeerListener.mouseEvent(Scene.java:2708) [javafx-graphics-21-win.jar:?]
	at com.sun.javafx.tk.quantum.GlassViewEventHandler$MouseEventNotification.run(GlassViewEventHandler.java:411) [javafx-graphics-21-win.jar:?]
	at com.sun.javafx.tk.quantum.GlassViewEventHandler$MouseEventNotification.run(GlassViewEventHandler.java:301) [javafx-graphics-21-win.jar:?]
	at java.security.AccessController.doPrivileged(AccessController.java:400) [?:?]
	at com.sun.javafx.tk.quantum.GlassViewEventHandler.lambda$handleMouseEvent$2(GlassViewEventHandler.java:450) [javafx-graphics-21-win.jar:?]
	at com.sun.javafx.tk.quantum.QuantumToolkit.runWithoutRenderLock(QuantumToolkit.java:424) [javafx-graphics-21-win.jar:?]
	at com.sun.javafx.tk.quantum.GlassViewEventHandler.handleMouseEvent(GlassViewEventHandler.java:449) [javafx-graphics-21-win.jar:?]
	at com.sun.glass.ui.View.handleMouseEvent(View.java:551) [javafx-graphics-21-win.jar:?]
	at com.sun.glass.ui.View.notifyMouse(View.java:937) [javafx-graphics-21-win.jar:?]
	at com.sun.glass.ui.win.WinApplication._runLoop(Native Method) [javafx-graphics-21-win.jar:?]
	at com.sun.glass.ui.win.WinApplication.lambda$runLoop$3(WinApplication.java:185) [javafx-graphics-21-win.jar:?]
	at java.lang.Thread.run(Thread.java:1583) [?:?]
2024-01-20 20:20:16.340 [JavaFX Application Thread] ERROR tn.ensit.miniprojetbibliotheque.database.DatabaseHandler - {}
java.sql.SQLIntegrityConstraintViolationException: Cannot delete or update a parent row: a foreign key constraint fails (`library_management`.`detailemprunt`, CONSTRAINT `detailemprunt_ibfk_1` FOREIGN KEY (`livre_code`) REFERENCES `livre` (`code`))
	at com.mysql.cj.jdbc.exceptions.SQLError.createSQLException(SQLError.java:118) ~[mysql-connector-j-8.2.0.jar:8.2.0]
	at com.mysql.cj.jdbc.exceptions.SQLExceptionsMapping.translateException(SQLExceptionsMapping.java:122) ~[mysql-connector-j-8.2.0.jar:8.2.0]
	at com.mysql.cj.jdbc.ClientPreparedStatement.executeInternal(ClientPreparedStatement.java:912) ~[mysql-connector-j-8.2.0.jar:8.2.0]
	at com.mysql.cj.jdbc.ClientPreparedStatement.executeUpdateInternal(ClientPreparedStatement.java:1054) ~[mysql-connector-j-8.2.0.jar:8.2.0]
	at com.mysql.cj.jdbc.ClientPreparedStatement.executeUpdateInternal(ClientPreparedStatement.java:1003) ~[mysql-connector-j-8.2.0.jar:8.2.0]
	at com.mysql.cj.jdbc.ClientPreparedStatement.executeLargeUpdate(ClientPreparedStatement.java:1312) ~[mysql-connector-j-8.2.0.jar:8.2.0]
	at com.mysql.cj.jdbc.ClientPreparedStatement.executeUpdate(ClientPreparedStatement.java:988) ~[mysql-connector-j-8.2.0.jar:8.2.0]
	at tn.ensit.miniprojetbibliotheque.database.LivreController.supprimerLivre(LivreController.java:48) [classes/:?]
	at tn.ensit.miniprojetbibliotheque.ListeLivresController.handleBookDeleteOption(ListeLivresController.java:131) [classes/:?]
	at jdk.internal.reflect.DirectMethodHandleAccessor.invoke(DirectMethodHandleAccessor.java:103) ~[?:?]
	at java.lang.reflect.Method.invoke(Method.java:580) ~[?:?]
	at com.sun.javafx.reflect.Trampoline.invoke(MethodUtil.java:72) [?:?]
	at jdk.internal.reflect.DirectMethodHandleAccessor.invoke(DirectMethodHandleAccessor.java:103) ~[?:?]
	at java.lang.reflect.Method.invoke(Method.java:580) ~[?:?]
	at com.sun.javafx.reflect.MethodUtil.invoke(MethodUtil.java:270) [javafx-base-21-win.jar:?]
	at com.sun.javafx.fxml.MethodHelper.invoke(MethodHelper.java:84) [javafx-fxml-21-win.jar:?]
	at javafx.fxml.FXMLLoader$MethodHandler.invoke(FXMLLoader.java:1853) [javafx-fxml-21-win.jar:?]
	at javafx.fxml.FXMLLoader$ControllerMethodEventHandler.handle(FXMLLoader.java:1726) [javafx-fxml-21-win.jar:?]
	at com.sun.javafx.event.CompositeEventHandler.dispatchBubblingEvent(CompositeEventHandler.java:86) [javafx-base-21-win.jar:?]
	at com.sun.javafx.event.EventHandlerManager.dispatchBubblingEvent(EventHandlerManager.java:232) [javafx-base-21-win.jar:?]
	at com.sun.javafx.event.EventHandlerManager.dispatchBubblingEvent(EventHandlerManager.java:189) [javafx-base-21-win.jar:?]
	at com.sun.javafx.event.BasicEventDispatcher.dispatchEvent(BasicEventDispatcher.java:58) [javafx-base-21-win.jar:?]
	at com.sun.javafx.event.EventDispatchChainImpl.dispatchEvent(EventDispatchChainImpl.java:114) [javafx-base-21-win.jar:?]
	at com.sun.javafx.event.EventUtil.fireEventImpl(EventUtil.java:74) [javafx-base-21-win.jar:?]
	at com.sun.javafx.event.EventUtil.fireEvent(EventUtil.java:49) [javafx-base-21-win.jar:?]
	at javafx.event.Event.fireEvent(Event.java:198) [javafx-base-21-win.jar:?]
	at javafx.scene.control.MenuItem.fire(MenuItem.java:459) [javafx-controls-21-win.jar:?]
	at com.sun.javafx.scene.control.ContextMenuContent$MenuItemContainer.doSelect(ContextMenuContent.java:1415) [javafx-controls-21-win.jar:?]
	at com.sun.javafx.scene.control.ContextMenuContent$MenuItemContainer.lambda$createChildren$12(ContextMenuContent.java:1368) [javafx-controls-21-win.jar:?]
	at com.sun.javafx.event.CompositeEventHandler$NormalEventHandlerRecord.handleBubblingEvent(CompositeEventHandler.java:247) [javafx-base-21-win.jar:?]
	at com.sun.javafx.event.CompositeEventHandler.dispatchBubblingEvent(CompositeEventHandler.java:80) [javafx-base-21-win.jar:?]
	at com.sun.javafx.event.EventHandlerManager.dispatchBubblingEvent(EventHandlerManager.java:232) [javafx-base-21-win.jar:?]
	at com.sun.javafx.event.EventHandlerManager.dispatchBubblingEvent(EventHandlerManager.java:189) [javafx-base-21-win.jar:?]
	at com.sun.javafx.event.CompositeEventDispatcher.dispatchBubblingEvent(CompositeEventDispatcher.java:59) [javafx-base-21-win.jar:?]
	at com.sun.javafx.event.BasicEventDispatcher.dispatchEvent(BasicEventDispatcher.java:58) [javafx-base-21-win.jar:?]
	at com.sun.javafx.event.EventDispatchChainImpl.dispatchEvent(EventDispatchChainImpl.java:114) [javafx-base-21-win.jar:?]
	at com.sun.javafx.event.BasicEventDispatcher.dispatchEvent(BasicEventDispatcher.java:56) [javafx-base-21-win.jar:?]
	at com.sun.javafx.event.EventDispatchChainImpl.dispatchEvent(EventDispatchChainImpl.java:114) [javafx-base-21-win.jar:?]
	at com.sun.javafx.event.BasicEventDispatcher.dispatchEvent(BasicEventDispatcher.java:56) [javafx-base-21-win.jar:?]
	at com.sun.javafx.event.EventDispatchChainImpl.dispatchEvent(EventDispatchChainImpl.java:114) [javafx-base-21-win.jar:?]
	at com.sun.javafx.event.BasicEventDispatcher.dispatchEvent(BasicEventDispatcher.java:56) [javafx-base-21-win.jar:?]
	at com.sun.javafx.event.EventDispatchChainImpl.dispatchEvent(EventDispatchChainImpl.java:114) [javafx-base-21-win.jar:?]
	at com.sun.javafx.event.EventUtil.fireEventImpl(EventUtil.java:74) [javafx-base-21-win.jar:?]
	at com.sun.javafx.event.EventUtil.fireEvent(EventUtil.java:54) [javafx-base-21-win.jar:?]
	at javafx.event.Event.fireEvent(Event.java:198) [javafx-base-21-win.jar:?]
	at javafx.scene.Scene$MouseHandler.process(Scene.java:3984) [javafx-graphics-21-win.jar:?]
	at javafx.scene.Scene.processMouseEvent(Scene.java:1890) [javafx-graphics-21-win.jar:?]
	at javafx.scene.Scene$ScenePeerListener.mouseEvent(Scene.java:2708) [javafx-graphics-21-win.jar:?]
	at com.sun.javafx.tk.quantum.GlassViewEventHandler$MouseEventNotification.run(GlassViewEventHandler.java:411) [javafx-graphics-21-win.jar:?]
	at com.sun.javafx.tk.quantum.GlassViewEventHandler$MouseEventNotification.run(GlassViewEventHandler.java:301) [javafx-graphics-21-win.jar:?]
	at java.security.AccessController.doPrivileged(AccessController.java:400) [?:?]
	at com.sun.javafx.tk.quantum.GlassViewEventHandler.lambda$handleMouseEvent$2(GlassViewEventHandler.java:450) [javafx-graphics-21-win.jar:?]
	at com.sun.javafx.tk.quantum.QuantumToolkit.runWithoutRenderLock(QuantumToolkit.java:424) [javafx-graphics-21-win.jar:?]
	at com.sun.javafx.tk.quantum.GlassViewEventHandler.handleMouseEvent(GlassViewEventHandler.java:449) [javafx-graphics-21-win.jar:?]
	at com.sun.glass.ui.View.handleMouseEvent(View.java:551) [javafx-graphics-21-win.jar:?]
	at com.sun.glass.ui.View.notifyMouse(View.java:937) [javafx-graphics-21-win.jar:?]
	at com.sun.glass.ui.win.WinApplication._runLoop(Native Method) [javafx-graphics-21-win.jar:?]
	at com.sun.glass.ui.win.WinApplication.lambda$runLoop$3(WinApplication.java:185) [javafx-graphics-21-win.jar:?]
	at java.lang.Thread.run(Thread.java:1583) [?:?]
2024-01-20 20:46:12.597 [JavaFX Application Thread] ERROR tn.ensit.miniprojetbibliotheque.database.DatabaseHandler - {}
java.sql.SQLSyntaxErrorException: Table 'library_management.Livre' doesn't exist
	at com.mysql.cj.jdbc.exceptions.SQLError.createSQLException(SQLError.java:121) ~[mysql-connector-j-8.2.0.jar:8.2.0]
	at com.mysql.cj.jdbc.exceptions.SQLExceptionsMapping.translateException(SQLExceptionsMapping.java:122) ~[mysql-connector-j-8.2.0.jar:8.2.0]
	at com.mysql.cj.jdbc.ClientPreparedStatement.executeInternal(ClientPreparedStatement.java:912) ~[mysql-connector-j-8.2.0.jar:8.2.0]
	at com.mysql.cj.jdbc.ClientPreparedStatement.executeUpdateInternal(ClientPreparedStatement.java:1054) ~[mysql-connector-j-8.2.0.jar:8.2.0]
	at com.mysql.cj.jdbc.ClientPreparedStatement.executeUpdateInternal(ClientPreparedStatement.java:1003) ~[mysql-connector-j-8.2.0.jar:8.2.0]
	at com.mysql.cj.jdbc.ClientPreparedStatement.executeLargeUpdate(ClientPreparedStatement.java:1312) ~[mysql-connector-j-8.2.0.jar:8.2.0]
	at com.mysql.cj.jdbc.ClientPreparedStatement.executeUpdate(ClientPreparedStatement.java:988) ~[mysql-connector-j-8.2.0.jar:8.2.0]
	at tn.ensit.miniprojetbibliotheque.database.DatabaseHandler.updateBook(DatabaseHandler.java:222) [classes/:?]
	at tn.ensit.miniprojetbibliotheque.AjoutLivreController.handleEditOperation(AjoutLivreController.java:119) [classes/:?]
	at tn.ensit.miniprojetbibliotheque.AjoutLivreController.addBook(AjoutLivreController.java:65) [classes/:?]
	at jdk.internal.reflect.DirectMethodHandleAccessor.invoke(DirectMethodHandleAccessor.java:103) ~[?:?]
	at java.lang.reflect.Method.invoke(Method.java:580) ~[?:?]
	at com.sun.javafx.reflect.Trampoline.invoke(MethodUtil.java:72) [?:?]
	at jdk.internal.reflect.DirectMethodHandleAccessor.invoke(DirectMethodHandleAccessor.java:103) ~[?:?]
	at java.lang.reflect.Method.invoke(Method.java:580) ~[?:?]
	at com.sun.javafx.reflect.MethodUtil.invoke(MethodUtil.java:270) [javafx-base-21-win.jar:?]
	at com.sun.javafx.fxml.MethodHelper.invoke(MethodHelper.java:84) [javafx-fxml-21-win.jar:?]
	at javafx.fxml.FXMLLoader$MethodHandler.invoke(FXMLLoader.java:1853) [javafx-fxml-21-win.jar:?]
	at javafx.fxml.FXMLLoader$ControllerMethodEventHandler.handle(FXMLLoader.java:1726) [javafx-fxml-21-win.jar:?]
	at com.sun.javafx.event.CompositeEventHandler.dispatchBubblingEvent(CompositeEventHandler.java:86) [javafx-base-21-win.jar:?]
	at com.sun.javafx.event.EventHandlerManager.dispatchBubblingEvent(EventHandlerManager.java:232) [javafx-base-21-win.jar:?]
	at com.sun.javafx.event.EventHandlerManager.dispatchBubblingEvent(EventHandlerManager.java:189) [javafx-base-21-win.jar:?]
	at com.sun.javafx.event.CompositeEventDispatcher.dispatchBubblingEvent(CompositeEventDispatcher.java:59) [javafx-base-21-win.jar:?]
	at com.sun.javafx.event.BasicEventDispatcher.dispatchEvent(BasicEventDispatcher.java:58) [javafx-base-21-win.jar:?]
	at com.sun.javafx.event.EventDispatchChainImpl.dispatchEvent(EventDispatchChainImpl.java:114) [javafx-base-21-win.jar:?]
	at com.sun.javafx.event.BasicEventDispatcher.dispatchEvent(BasicEventDispatcher.java:56) [javafx-base-21-win.jar:?]
	at com.sun.javafx.event.EventDispatchChainImpl.dispatchEvent(EventDispatchChainImpl.java:114) [javafx-base-21-win.jar:?]
	at com.sun.javafx.event.BasicEventDispatcher.dispatchEvent(BasicEventDispatcher.java:56) [javafx-base-21-win.jar:?]
	at com.sun.javafx.event.EventDispatchChainImpl.dispatchEvent(EventDispatchChainImpl.java:114) [javafx-base-21-win.jar:?]
	at com.sun.javafx.event.EventUtil.fireEventImpl(EventUtil.java:74) [javafx-base-21-win.jar:?]
	at com.sun.javafx.event.EventUtil.fireEvent(EventUtil.java:49) [javafx-base-21-win.jar:?]
	at javafx.event.Event.fireEvent(Event.java:198) [javafx-base-21-win.jar:?]
	at javafx.scene.Node.fireEvent(Node.java:8875) [javafx-graphics-21-win.jar:?]
	at javafx.scene.control.Button.fire(Button.java:203) [javafx-controls-21-win.jar:?]
	at com.sun.javafx.scene.control.behavior.ButtonBehavior.mouseReleased(ButtonBehavior.java:207) [javafx-controls-21-win.jar:?]
	at com.sun.javafx.scene.control.inputmap.InputMap.handle(InputMap.java:274) [javafx-controls-21-win.jar:?]
	at com.sun.javafx.event.CompositeEventHandler$NormalEventHandlerRecord.handleBubblingEvent(CompositeEventHandler.java:247) [javafx-base-21-win.jar:?]
	at com.sun.javafx.event.CompositeEventHandler.dispatchBubblingEvent(CompositeEventHandler.java:80) [javafx-base-21-win.jar:?]
	at com.sun.javafx.event.EventHandlerManager.dispatchBubblingEvent(EventHandlerManager.java:232) [javafx-base-21-win.jar:?]
	at com.sun.javafx.event.EventHandlerManager.dispatchBubblingEvent(EventHandlerManager.java:189) [javafx-base-21-win.jar:?]
	at com.sun.javafx.event.CompositeEventDispatcher.dispatchBubblingEvent(CompositeEventDispatcher.java:59) [javafx-base-21-win.jar:?]
	at com.sun.javafx.event.BasicEventDispatcher.dispatchEvent(BasicEventDispatcher.java:58) [javafx-base-21-win.jar:?]
	at com.sun.javafx.event.EventDispatchChainImpl.dispatchEvent(EventDispatchChainImpl.java:114) [javafx-base-21-win.jar:?]
	at com.sun.javafx.event.BasicEventDispatcher.dispatchEvent(BasicEventDispatcher.java:56) [javafx-base-21-win.jar:?]
	at com.sun.javafx.event.EventDispatchChainImpl.dispatchEvent(EventDispatchChainImpl.java:114) [javafx-base-21-win.jar:?]
	at com.sun.javafx.event.BasicEventDispatcher.dispatchEvent(BasicEventDispatcher.java:56) [javafx-base-21-win.jar:?]
	at com.sun.javafx.event.EventDispatchChainImpl.dispatchEvent(EventDispatchChainImpl.java:114) [javafx-base-21-win.jar:?]
	at com.sun.javafx.event.EventUtil.fireEventImpl(EventUtil.java:74) [javafx-base-21-win.jar:?]
	at com.sun.javafx.event.EventUtil.fireEvent(EventUtil.java:54) [javafx-base-21-win.jar:?]
	at javafx.event.Event.fireEvent(Event.java:198) [javafx-base-21-win.jar:?]
	at javafx.scene.Scene$MouseHandler.process(Scene.java:3984) [javafx-graphics-21-win.jar:?]
	at javafx.scene.Scene.processMouseEvent(Scene.java:1890) [javafx-graphics-21-win.jar:?]
	at javafx.scene.Scene$ScenePeerListener.mouseEvent(Scene.java:2708) [javafx-graphics-21-win.jar:?]
	at com.sun.javafx.tk.quantum.GlassViewEventHandler$MouseEventNotification.run(GlassViewEventHandler.java:411) [javafx-graphics-21-win.jar:?]
	at com.sun.javafx.tk.quantum.GlassViewEventHandler$MouseEventNotification.run(GlassViewEventHandler.java:301) [javafx-graphics-21-win.jar:?]
	at java.security.AccessController.doPrivileged(AccessController.java:400) [?:?]
	at com.sun.javafx.tk.quantum.GlassViewEventHandler.lambda$handleMouseEvent$2(GlassViewEventHandler.java:450) [javafx-graphics-21-win.jar:?]
	at com.sun.javafx.tk.quantum.QuantumToolkit.runWithoutRenderLock(QuantumToolkit.java:424) [javafx-graphics-21-win.jar:?]
	at com.sun.javafx.tk.quantum.GlassViewEventHandler.handleMouseEvent(GlassViewEventHandler.java:449) [javafx-graphics-21-win.jar:?]
	at com.sun.glass.ui.View.handleMouseEvent(View.java:551) [javafx-graphics-21-win.jar:?]
	at com.sun.glass.ui.View.notifyMouse(View.java:937) [javafx-graphics-21-win.jar:?]
	at com.sun.glass.ui.win.WinApplication._runLoop(Native Method) [javafx-graphics-21-win.jar:?]
	at com.sun.glass.ui.win.WinApplication.lambda$runLoop$3(WinApplication.java:185) [javafx-graphics-21-win.jar:?]
	at java.lang.Thread.run(Thread.java:1583) [?:?]
